<?xml version="1.0" encoding="UTF-8"?>
<coverage generated="1760985749134" clover="3.2.0">
  <project timestamp="1760985749135" name="All files">
    <metrics statements="52" coveredstatements="52" conditionals="11" coveredconditionals="10" methods="21" coveredmethods="21" elements="84" coveredelements="83" complexity="0" loc="52" ncloc="52" packages="2" files="7" classes="7"/>
    <package name="src">
      <metrics statements="21" coveredstatements="21" conditionals="2" coveredconditionals="2" methods="7" coveredmethods="7"/>
      <file name="App.jsx" path="C:\Users\bossg\careerfoundry\meet-up\src\App.jsx">
        <metrics statements="14" coveredstatements="14" conditionals="2" coveredconditionals="2" methods="4" coveredmethods="4"/>
        <line num="14" count="3" type="stmt"/>
        <line num="16" count="14" type="stmt"/>
        <line num="17" count="14" type="stmt"/>
        <line num="18" count="14" type="stmt"/>
        <line num="19" count="14" type="stmt"/>
        <line num="21" count="14" type="stmt"/>
        <line num="22" count="8" type="stmt"/>
        <line num="27" count="14" type="stmt"/>
        <line num="28" count="8" type="stmt"/>
        <line num="29" count="8" type="cond" truecount="2" falsecount="0"/>
        <line num="31" count="35" type="stmt"/>
        <line num="32" count="8" type="stmt"/>
        <line num="33" count="8" type="stmt"/>
        <line num="37" count="14" type="stmt"/>
      </file>
      <file name="api.js" path="C:\Users\bossg\careerfoundry\meet-up\src\api.js">
        <metrics statements="6" coveredstatements="6" conditionals="0" coveredconditionals="0" methods="3" coveredmethods="3"/>
        <line num="16" count="4" type="stmt"/>
        <line num="17" count="385" type="stmt"/>
        <line num="18" count="11" type="stmt"/>
        <line num="19" count="11" type="stmt"/>
        <line num="26" count="4" type="stmt"/>
        <line num="27" count="18" type="stmt"/>
      </file>
      <file name="mock-data.js" path="C:\Users\bossg\careerfoundry\meet-up\src\mock-data.js">
        <metrics statements="1" coveredstatements="1" conditionals="0" coveredconditionals="0" methods="0" coveredmethods="0"/>
        <line num="3" count="4" type="stmt"/>
      </file>
    </package>
    <package name="src.components">
      <metrics statements="31" coveredstatements="31" conditionals="9" coveredconditionals="8" methods="14" coveredmethods="14"/>
      <file name="CitySearch.jsx" path="C:\Users\bossg\careerfoundry\meet-up\src\components\CitySearch.jsx">
        <metrics statements="20" coveredstatements="20" conditionals="5" coveredconditionals="4" methods="8" coveredmethods="8"/>
        <line num="7" count="3" type="cond" truecount="1" falsecount="0"/>
        <line num="8" count="71" type="stmt"/>
        <line num="9" count="71" type="stmt"/>
        <line num="10" count="71" type="stmt"/>
        <line num="13" count="71" type="stmt"/>
        <line num="14" count="20" type="stmt"/>
        <line num="18" count="71" type="stmt"/>
        <line num="19" count="24" type="stmt"/>
        <line num="20" count="24" type="cond" truecount="1" falsecount="1"/>
        <line num="21" count="48" type="stmt"/>
        <line num="24" count="24" type="stmt"/>
        <line num="25" count="24" type="stmt"/>
        <line num="27" count="71" type="stmt"/>
        <line num="28" count="3" type="stmt"/>
        <line num="29" count="3" type="stmt"/>
        <line num="30" count="3" type="stmt"/>
        <line num="31" count="3" type="stmt"/>
        <line num="35" count="71" type="stmt"/>
        <line num="42" count="6" type="stmt"/>
        <line num="48" count="34" type="stmt"/>
      </file>
      <file name="Event.jsx" path="C:\Users\bossg\careerfoundry\meet-up\src\components\Event.jsx">
        <metrics statements="4" coveredstatements="4" conditionals="2" coveredconditionals="2" methods="2" coveredmethods="2"/>
        <line num="5" count="4" type="stmt"/>
        <line num="6" count="251" type="stmt"/>
        <line num="8" count="251" type="stmt"/>
        <line num="11" count="251" type="stmt"/>
      </file>
      <file name="EventList.jsx" path="C:\Users\bossg\careerfoundry\meet-up\src\components\EventList.jsx">
        <metrics statements="3" coveredstatements="3" conditionals="2" coveredconditionals="2" methods="2" coveredmethods="2"/>
        <line num="5" count="3" type="stmt"/>
        <line num="6" count="17" type="stmt"/>
        <line num="9" count="244" type="stmt"/>
      </file>
      <file name="NumberOfEvents.jsx" path="C:\Users\bossg\careerfoundry\meet-up\src\components\NumberOfEvents.jsx">
        <metrics statements="4" coveredstatements="4" conditionals="0" coveredconditionals="0" methods="2" coveredmethods="2"/>
        <line num="6" count="4" type="stmt"/>
        <line num="7" count="22" type="stmt"/>
        <line num="9" count="22" type="stmt"/>
        <line num="15" count="4" type="stmt"/>
      </file>
    </package>
  </project>
</coverage>
