{"C:\\Users\\bossg\\careerfoundry\\meet-up\\src\\App.jsx": {"path":"C:\\Users\\bossg\\careerfoundry\\meet-up\\src\\App.jsx","statementMap":{"0":{"start":{"line":14,"column":12},"end":{"line":44,"column":1}},"1":{"start":{"line":16,"column":30},"end":{"line":16,"column":42}},"2":{"start":{"line":17,"column":38},"end":{"line":17,"column":50}},"3":{"start":{"line":18,"column":42},"end":{"line":18,"column":54}},"4":{"start":{"line":19,"column":40},"end":{"line":19,"column":66}},"5":{"start":{"line":21,"column":2},"end":{"line":23,"column":20}},"6":{"start":{"line":22,"column":4},"end":{"line":22,"column":16}},"7":{"start":{"line":27,"column":20},"end":{"line":34,"column":3}},"8":{"start":{"line":28,"column":22},"end":{"line":28,"column":39}},"9":{"start":{"line":29,"column":27},"end":{"line":31,"column":61}},"10":{"start":{"line":31,"column":30},"end":{"line":31,"column":60}},"11":{"start":{"line":32,"column":4},"end":{"line":32,"column":51}},"12":{"start":{"line":33,"column":4},"end":{"line":33,"column":49}},"13":{"start":{"line":37,"column":2},"end":{"line":43,"column":4}}},"fnMap":{"0":{"name":"(anonymous_0)","decl":{"start":{"line":14,"column":12},"end":{"line":14,"column":13}},"loc":{"start":{"line":14,"column":18},"end":{"line":44,"column":1}},"line":14},"1":{"name":"(anonymous_1)","decl":{"start":{"line":21,"column":12},"end":{"line":21,"column":13}},"loc":{"start":{"line":21,"column":18},"end":{"line":23,"column":3}},"line":21},"2":{"name":"(anonymous_2)","decl":{"start":{"line":27,"column":20},"end":{"line":27,"column":21}},"loc":{"start":{"line":27,"column":32},"end":{"line":34,"column":3}},"line":27},"3":{"name":"(anonymous_3)","decl":{"start":{"line":31,"column":21},"end":{"line":31,"column":22}},"loc":{"start":{"line":31,"column":30},"end":{"line":31,"column":60}},"line":31}},"branchMap":{"0":{"loc":{"start":{"line":29,"column":27},"end":{"line":31,"column":61}},"type":"cond-expr","locations":[{"start":{"line":30,"column":4},"end":{"line":30,"column":13}},{"start":{"line":31,"column":4},"end":{"line":31,"column":61}}],"line":29}},"s":{"0":3,"1":14,"2":14,"3":14,"4":14,"5":14,"6":8,"7":14,"8":8,"9":8,"10":35,"11":8,"12":8,"13":14},"f":{"0":14,"1":8,"2":8,"3":35},"b":{"0":[7,1]},"_coverageSchema":"1a1c01bbd47fc00a2c39e90264f33305004495a9","hash":"976a9db3fc0eec4332e2afd25000522a1e31bc08"}
,"C:\\Users\\bossg\\careerfoundry\\meet-up\\src\\api.js": {"path":"C:\\Users\\bossg\\careerfoundry\\meet-up\\src\\api.js","statementMap":{"0":{"start":{"line":16,"column":32},"end":{"line":20,"column":1}},"1":{"start":{"line":17,"column":29},"end":{"line":17,"column":66}},"2":{"start":{"line":17,"column":51},"end":{"line":17,"column":65}},"3":{"start":{"line":18,"column":20},"end":{"line":18,"column":52}},"4":{"start":{"line":19,"column":2},"end":{"line":19,"column":19}},"5":{"start":{"line":26,"column":25},"end":{"line":28,"column":1}},"6":{"start":{"line":27,"column":2},"end":{"line":27,"column":18}}},"fnMap":{"0":{"name":"(anonymous_0)","decl":{"start":{"line":16,"column":32},"end":{"line":16,"column":33}},"loc":{"start":{"line":16,"column":44},"end":{"line":20,"column":1}},"line":16},"1":{"name":"(anonymous_1)","decl":{"start":{"line":17,"column":40},"end":{"line":17,"column":41}},"loc":{"start":{"line":17,"column":51},"end":{"line":17,"column":65}},"line":17},"2":{"name":"(anonymous_2)","decl":{"start":{"line":26,"column":25},"end":{"line":26,"column":26}},"loc":{"start":{"line":26,"column":37},"end":{"line":28,"column":1}},"line":26}},"branchMap":{},"s":{"0":4,"1":11,"2":385,"3":11,"4":11,"5":4,"6":18},"f":{"0":11,"1":385,"2":18},"b":{},"_coverageSchema":"1a1c01bbd47fc00a2c39e90264f33305004495a9","hash":"40818e39a9a428f5418e41cd31ef805dc636cd50"}
,"C:\\Users\\bossg\\careerfoundry\\meet-up\\src\\mock-data.js": {"path":"C:\\Users\\bossg\\careerfoundry\\meet-up\\src\\mock-data.js","statementMap":{"0":{"start":{"line":3,"column":17},"end":{"line":1439,"column":1}}},"fnMap":{},"branchMap":{},"s":{"0":4},"f":{},"b":{},"_coverageSchema":"1a1c01bbd47fc00a2c39e90264f33305004495a9","hash":"fd8ab3d1f8a82b7a522da46fc1aea41fd8ee47d0"}
,"C:\\Users\\bossg\\careerfoundry\\meet-up\\src\\components\\CitySearch.jsx": {"path":"C:\\Users\\bossg\\careerfoundry\\meet-up\\src\\components\\CitySearch.jsx","statementMap":{"0":{"start":{"line":7,"column":19},"end":{"line":57,"column":1}},"1":{"start":{"line":8,"column":50},"end":{"line":8,"column":65}},"2":{"start":{"line":9,"column":30},"end":{"line":9,"column":42}},"3":{"start":{"line":10,"column":42},"end":{"line":10,"column":54}},"4":{"start":{"line":13,"column":4},"end":{"line":15,"column":28}},"5":{"start":{"line":14,"column":8},"end":{"line":14,"column":37}},"6":{"start":{"line":18,"column":31},"end":{"line":26,"column":1}},"7":{"start":{"line":19,"column":18},"end":{"line":19,"column":36}},"8":{"start":{"line":20,"column":30},"end":{"line":22,"column":11}},"9":{"start":{"line":21,"column":8},"end":{"line":21,"column":72}},"10":{"start":{"line":24,"column":4},"end":{"line":24,"column":20}},"11":{"start":{"line":25,"column":4},"end":{"line":25,"column":38}},"12":{"start":{"line":27,"column":26},"end":{"line":32,"column":1}},"13":{"start":{"line":28,"column":18},"end":{"line":28,"column":42}},"14":{"start":{"line":29,"column":4},"end":{"line":29,"column":20}},"15":{"start":{"line":30,"column":4},"end":{"line":30,"column":30}},"16":{"start":{"line":31,"column":4},"end":{"line":31,"column":26}},"17":{"start":{"line":35,"column":1},"end":{"line":56,"column":5}},"18":{"start":{"line":42,"column":29},"end":{"line":42,"column":53}},"19":{"start":{"line":48,"column":18},"end":{"line":48,"column":91}}},"fnMap":{"0":{"name":"(anonymous_0)","decl":{"start":{"line":7,"column":19},"end":{"line":7,"column":20}},"loc":{"start":{"line":7,"column":69},"end":{"line":57,"column":1}},"line":7},"1":{"name":"(anonymous_1)","decl":{"start":{"line":7,"column":54},"end":{"line":7,"column":55}},"loc":{"start":{"line":7,"column":60},"end":{"line":7,"column":62}},"line":7},"2":{"name":"(anonymous_2)","decl":{"start":{"line":13,"column":14},"end":{"line":13,"column":15}},"loc":{"start":{"line":13,"column":20},"end":{"line":15,"column":5}},"line":13},"3":{"name":"(anonymous_3)","decl":{"start":{"line":18,"column":31},"end":{"line":18,"column":32}},"loc":{"start":{"line":18,"column":42},"end":{"line":26,"column":1}},"line":18},"4":{"name":"(anonymous_4)","decl":{"start":{"line":20,"column":65},"end":{"line":20,"column":66}},"loc":{"start":{"line":20,"column":79},"end":{"line":22,"column":5}},"line":20},"5":{"name":"(anonymous_5)","decl":{"start":{"line":27,"column":26},"end":{"line":27,"column":27}},"loc":{"start":{"line":27,"column":37},"end":{"line":32,"column":1}},"line":27},"6":{"name":"(anonymous_6)","decl":{"start":{"line":42,"column":23},"end":{"line":42,"column":24}},"loc":{"start":{"line":42,"column":29},"end":{"line":42,"column":53}},"line":42},"7":{"name":"(anonymous_7)","decl":{"start":{"line":47,"column":33},"end":{"line":47,"column":34}},"loc":{"start":{"line":47,"column":49},"end":{"line":49,"column":17}},"line":47}},"branchMap":{"0":{"loc":{"start":{"line":7,"column":36},"end":{"line":7,"column":62}},"type":"default-arg","locations":[{"start":{"line":7,"column":54},"end":{"line":7,"column":62}}],"line":7},"1":{"loc":{"start":{"line":20,"column":30},"end":{"line":22,"column":11}},"type":"cond-expr","locations":[{"start":{"line":20,"column":45},"end":{"line":22,"column":6}},{"start":{"line":22,"column":9},"end":{"line":22,"column":11}}],"line":20},"2":{"loc":{"start":{"line":45,"column":13},"end":{"line":54,"column":19}},"type":"cond-expr","locations":[{"start":{"line":46,"column":13},"end":{"line":53,"column":18}},{"start":{"line":54,"column":15},"end":{"line":54,"column":19}}],"line":45}},"s":{"0":3,"1":71,"2":71,"3":71,"4":71,"5":20,"6":71,"7":24,"8":24,"9":48,"10":24,"11":24,"12":71,"13":3,"14":3,"15":3,"16":3,"17":71,"18":6,"19":34},"f":{"0":71,"1":2,"2":20,"3":24,"4":48,"5":3,"6":6,"7":34},"b":{"0":[29],"1":[24,0],"2":[30,41]},"_coverageSchema":"1a1c01bbd47fc00a2c39e90264f33305004495a9","hash":"426099259088f94f5f9a66485b2e0cf2b73f25a8"}
,"C:\\Users\\bossg\\careerfoundry\\meet-up\\src\\components\\Event.jsx": {"path":"C:\\Users\\bossg\\careerfoundry\\meet-up\\src\\components\\Event.jsx","statementMap":{"0":{"start":{"line":5,"column":14},"end":{"line":20,"column":1}},"1":{"start":{"line":6,"column":42},"end":{"line":6,"column":57}},"2":{"start":{"line":8,"column":26},"end":{"line":8,"column":60}},"3":{"start":{"line":8,"column":32},"end":{"line":8,"column":60}},"4":{"start":{"line":11,"column":4},"end":{"line":19,"column":6}}},"fnMap":{"0":{"name":"(anonymous_0)","decl":{"start":{"line":5,"column":14},"end":{"line":5,"column":15}},"loc":{"start":{"line":5,"column":29},"end":{"line":20,"column":1}},"line":5},"1":{"name":"(anonymous_1)","decl":{"start":{"line":8,"column":26},"end":{"line":8,"column":27}},"loc":{"start":{"line":8,"column":32},"end":{"line":8,"column":60}},"line":8}},"branchMap":{"0":{"loc":{"start":{"line":17,"column":13},"end":{"line":17,"column":54}},"type":"binary-expr","locations":[{"start":{"line":17,"column":13},"end":{"line":17,"column":24}},{"start":{"line":17,"column":28},"end":{"line":17,"column":54}}],"line":17}},"s":{"0":4,"1":251,"2":251,"3":2,"4":251},"f":{"0":251,"1":2},"b":{"0":[251,1]},"_coverageSchema":"1a1c01bbd47fc00a2c39e90264f33305004495a9","hash":"36991993f8cb8f4c49397893f2cba85f3df1e109"}
,"C:\\Users\\bossg\\careerfoundry\\meet-up\\src\\components\\EventList.jsx": {"path":"C:\\Users\\bossg\\careerfoundry\\meet-up\\src\\components\\EventList.jsx","statementMap":{"0":{"start":{"line":5,"column":18},"end":{"line":13,"column":1}},"1":{"start":{"line":6,"column":4},"end":{"line":12,"column":6}},"2":{"start":{"line":9,"column":33},"end":{"line":9,"column":71}}},"fnMap":{"0":{"name":"(anonymous_0)","decl":{"start":{"line":5,"column":18},"end":{"line":5,"column":19}},"loc":{"start":{"line":5,"column":34},"end":{"line":13,"column":1}},"line":5},"1":{"name":"(anonymous_1)","decl":{"start":{"line":9,"column":24},"end":{"line":9,"column":25}},"loc":{"start":{"line":9,"column":33},"end":{"line":9,"column":71}},"line":9}},"branchMap":{"0":{"loc":{"start":{"line":8,"column":13},"end":{"line":10,"column":17}},"type":"cond-expr","locations":[{"start":{"line":9,"column":13},"end":{"line":9,"column":72}},{"start":{"line":10,"column":13},"end":{"line":10,"column":17}}],"line":8}},"s":{"0":3,"1":17,"2":244},"f":{"0":17,"1":244},"b":{"0":[15,2]},"_coverageSchema":"1a1c01bbd47fc00a2c39e90264f33305004495a9","hash":"bb74bb7a7fa96bf2e4ee4d63ecb1f02a56bca806"}
,"C:\\Users\\bossg\\careerfoundry\\meet-up\\src\\components\\NumberOfEvents.jsx": {"path":"C:\\Users\\bossg\\careerfoundry\\meet-up\\src\\components\\NumberOfEvents.jsx","statementMap":{"0":{"start":{"line":6,"column":23},"end":{"line":19,"column":1}},"1":{"start":{"line":7,"column":32},"end":{"line":7,"column":44}},"2":{"start":{"line":9,"column":4},"end":{"line":18,"column":6}},"3":{"start":{"line":15,"column":33},"end":{"line":15,"column":58}}},"fnMap":{"0":{"name":"(anonymous_0)","decl":{"start":{"line":6,"column":23},"end":{"line":6,"column":24}},"loc":{"start":{"line":6,"column":29},"end":{"line":19,"column":1}},"line":6},"1":{"name":"(anonymous_1)","decl":{"start":{"line":15,"column":26},"end":{"line":15,"column":27}},"loc":{"start":{"line":15,"column":33},"end":{"line":15,"column":58}},"line":15}},"branchMap":{},"s":{"0":4,"1":22,"2":22,"3":4},"f":{"0":22,"1":4},"b":{},"_coverageSchema":"1a1c01bbd47fc00a2c39e90264f33305004495a9","hash":"f950efd05d902e648c36a5e5d6042cf3cd757418"}
}
