{"C:\\Users\\bossg\\careerfoundry\\meet-up\\src\\App.jsx": {"path":"C:\\Users\\bossg\\careerfoundry\\meet-up\\src\\App.jsx","statementMap":{"0":{"start":{"line":6,"column":12},"end":{"line":14,"column":1}},"1":{"start":{"line":7,"column":2},"end":{"line":13,"column":4}}},"fnMap":{"0":{"name":"(anonymous_0)","decl":{"start":{"line":6,"column":12},"end":{"line":6,"column":13}},"loc":{"start":{"line":6,"column":18},"end":{"line":14,"column":1}},"line":6}},"branchMap":{},"s":{"0":1,"1":4},"f":{"0":4},"b":{},"_coverageSchema":"1a1c01bbd47fc00a2c39e90264f33305004495a9","hash":"a2726e217e96262bc241c95564086fdd9974f159"}
,"C:\\Users\\bossg\\careerfoundry\\meet-up\\src\\api.js": {"path":"C:\\Users\\bossg\\careerfoundry\\meet-up\\src\\api.js","statementMap":{"0":{"start":{"line":16,"column":32},"end":{"line":20,"column":1}},"1":{"start":{"line":17,"column":29},"end":{"line":17,"column":66}},"2":{"start":{"line":17,"column":51},"end":{"line":17,"column":65}},"3":{"start":{"line":18,"column":20},"end":{"line":18,"column":52}},"4":{"start":{"line":19,"column":2},"end":{"line":19,"column":19}},"5":{"start":{"line":26,"column":25},"end":{"line":28,"column":1}},"6":{"start":{"line":27,"column":2},"end":{"line":27,"column":18}}},"fnMap":{"0":{"name":"(anonymous_0)","decl":{"start":{"line":16,"column":32},"end":{"line":16,"column":33}},"loc":{"start":{"line":16,"column":44},"end":{"line":20,"column":1}},"line":16},"1":{"name":"(anonymous_1)","decl":{"start":{"line":17,"column":40},"end":{"line":17,"column":41}},"loc":{"start":{"line":17,"column":51},"end":{"line":17,"column":65}},"line":17},"2":{"name":"(anonymous_2)","decl":{"start":{"line":26,"column":25},"end":{"line":26,"column":26}},"loc":{"start":{"line":26,"column":37},"end":{"line":28,"column":1}},"line":26}},"branchMap":{},"s":{"0":3,"1":2,"2":70,"3":2,"4":2,"5":3,"6":8},"f":{"0":2,"1":70,"2":8},"b":{},"_coverageSchema":"1a1c01bbd47fc00a2c39e90264f33305004495a9","hash":"40818e39a9a428f5418e41cd31ef805dc636cd50"}
,"C:\\Users\\bossg\\careerfoundry\\meet-up\\src\\mock-data.js": {"path":"C:\\Users\\bossg\\careerfoundry\\meet-up\\src\\mock-data.js","statementMap":{"0":{"start":{"line":3,"column":17},"end":{"line":1439,"column":1}}},"fnMap":{},"branchMap":{},"s":{"0":3},"f":{},"b":{},"_coverageSchema":"1a1c01bbd47fc00a2c39e90264f33305004495a9","hash":"fd8ab3d1f8a82b7a522da46fc1aea41fd8ee47d0"}
,"C:\\Users\\bossg\\careerfoundry\\meet-up\\src\\components\\CitySearch.jsx": {"path":"C:\\Users\\bossg\\careerfoundry\\meet-up\\src\\components\\CitySearch.jsx","statementMap":{"0":{"start":{"line":5,"column":19},"end":{"line":49,"column":1}},"1":{"start":{"line":6,"column":50},"end":{"line":6,"column":65}},"2":{"start":{"line":7,"column":30},"end":{"line":7,"column":42}},"3":{"start":{"line":8,"column":42},"end":{"line":8,"column":54}},"4":{"start":{"line":11,"column":31},"end":{"line":19,"column":1}},"5":{"start":{"line":12,"column":18},"end":{"line":12,"column":36}},"6":{"start":{"line":13,"column":30},"end":{"line":15,"column":11}},"7":{"start":{"line":14,"column":8},"end":{"line":14,"column":72}},"8":{"start":{"line":17,"column":4},"end":{"line":17,"column":20}},"9":{"start":{"line":18,"column":4},"end":{"line":18,"column":38}},"10":{"start":{"line":20,"column":26},"end":{"line":24,"column":1}},"11":{"start":{"line":21,"column":18},"end":{"line":21,"column":42}},"12":{"start":{"line":22,"column":4},"end":{"line":22,"column":20}},"13":{"start":{"line":23,"column":4},"end":{"line":23,"column":30}},"14":{"start":{"line":27,"column":1},"end":{"line":48,"column":5}},"15":{"start":{"line":34,"column":29},"end":{"line":34,"column":53}},"16":{"start":{"line":40,"column":18},"end":{"line":40,"column":91}}},"fnMap":{"0":{"name":"(anonymous_0)","decl":{"start":{"line":5,"column":19},"end":{"line":5,"column":20}},"loc":{"start":{"line":5,"column":39},"end":{"line":49,"column":1}},"line":5},"1":{"name":"(anonymous_1)","decl":{"start":{"line":11,"column":31},"end":{"line":11,"column":32}},"loc":{"start":{"line":11,"column":42},"end":{"line":19,"column":1}},"line":11},"2":{"name":"(anonymous_2)","decl":{"start":{"line":13,"column":65},"end":{"line":13,"column":66}},"loc":{"start":{"line":13,"column":79},"end":{"line":15,"column":5}},"line":13},"3":{"name":"(anonymous_3)","decl":{"start":{"line":20,"column":26},"end":{"line":20,"column":27}},"loc":{"start":{"line":20,"column":37},"end":{"line":24,"column":1}},"line":20},"4":{"name":"(anonymous_4)","decl":{"start":{"line":34,"column":23},"end":{"line":34,"column":24}},"loc":{"start":{"line":34,"column":29},"end":{"line":34,"column":53}},"line":34},"5":{"name":"(anonymous_5)","decl":{"start":{"line":39,"column":33},"end":{"line":39,"column":34}},"loc":{"start":{"line":39,"column":49},"end":{"line":41,"column":17}},"line":39}},"branchMap":{"0":{"loc":{"start":{"line":13,"column":30},"end":{"line":15,"column":11}},"type":"cond-expr","locations":[{"start":{"line":13,"column":45},"end":{"line":15,"column":6}},{"start":{"line":15,"column":9},"end":{"line":15,"column":11}}],"line":13},"1":{"loc":{"start":{"line":37,"column":13},"end":{"line":46,"column":19}},"type":"cond-expr","locations":[{"start":{"line":38,"column":13},"end":{"line":45,"column":18}},{"start":{"line":46,"column":15},"end":{"line":46,"column":19}}],"line":37}},"s":{"0":2,"1":27,"2":27,"3":27,"4":27,"5":12,"6":12,"7":24,"8":12,"9":12,"10":27,"11":1,"12":1,"13":1,"14":27,"15":3,"16":12},"f":{"0":27,"1":12,"2":24,"3":1,"4":3,"5":12},"b":{"0":[12,0],"1":[15,12]},"_coverageSchema":"1a1c01bbd47fc00a2c39e90264f33305004495a9","hash":"1f126997764736fe78342eb80db08a6743bd7c34"}
,"C:\\Users\\bossg\\careerfoundry\\meet-up\\src\\components\\Event.jsx": {"path":"C:\\Users\\bossg\\careerfoundry\\meet-up\\src\\components\\Event.jsx","statementMap":{"0":{"start":{"line":5,"column":14},"end":{"line":9,"column":1}},"1":{"start":{"line":6,"column":4},"end":{"line":8,"column":6}}},"fnMap":{"0":{"name":"(anonymous_0)","decl":{"start":{"line":5,"column":14},"end":{"line":5,"column":15}},"loc":{"start":{"line":5,"column":20},"end":{"line":9,"column":1}},"line":5}},"branchMap":{},"s":{"0":3,"1":40},"f":{"0":40},"b":{},"_coverageSchema":"1a1c01bbd47fc00a2c39e90264f33305004495a9","hash":"efabb6ea13e0e563f256f912e00106fda6e571dc"}
,"C:\\Users\\bossg\\careerfoundry\\meet-up\\src\\components\\EventList.jsx": {"path":"C:\\Users\\bossg\\careerfoundry\\meet-up\\src\\components\\EventList.jsx","statementMap":{"0":{"start":{"line":5,"column":18},"end":{"line":13,"column":1}},"1":{"start":{"line":6,"column":4},"end":{"line":12,"column":6}},"2":{"start":{"line":9,"column":33},"end":{"line":9,"column":71}}},"fnMap":{"0":{"name":"(anonymous_0)","decl":{"start":{"line":5,"column":18},"end":{"line":5,"column":19}},"loc":{"start":{"line":5,"column":34},"end":{"line":13,"column":1}},"line":5},"1":{"name":"(anonymous_1)","decl":{"start":{"line":9,"column":24},"end":{"line":9,"column":25}},"loc":{"start":{"line":9,"column":33},"end":{"line":9,"column":71}},"line":9}},"branchMap":{"0":{"loc":{"start":{"line":8,"column":13},"end":{"line":10,"column":17}},"type":"cond-expr","locations":[{"start":{"line":9,"column":13},"end":{"line":9,"column":72}},{"start":{"line":10,"column":13},"end":{"line":10,"column":17}}],"line":8}},"s":{"0":2,"1":7,"2":35},"f":{"0":7,"1":35},"b":{"0":[1,6]},"_coverageSchema":"1a1c01bbd47fc00a2c39e90264f33305004495a9","hash":"bb74bb7a7fa96bf2e4ee4d63ecb1f02a56bca806"}
,"C:\\Users\\bossg\\careerfoundry\\meet-up\\src\\components\\NumberOfEvents.jsx": {"path":"C:\\Users\\bossg\\careerfoundry\\meet-up\\src\\components\\NumberOfEvents.jsx","statementMap":{"0":{"start":{"line":6,"column":23},"end":{"line":19,"column":1}},"1":{"start":{"line":7,"column":32},"end":{"line":7,"column":44}},"2":{"start":{"line":9,"column":4},"end":{"line":18,"column":6}},"3":{"start":{"line":15,"column":33},"end":{"line":15,"column":58}}},"fnMap":{"0":{"name":"(anonymous_0)","decl":{"start":{"line":6,"column":23},"end":{"line":6,"column":24}},"loc":{"start":{"line":6,"column":29},"end":{"line":19,"column":1}},"line":6},"1":{"name":"(anonymous_1)","decl":{"start":{"line":15,"column":26},"end":{"line":15,"column":27}},"loc":{"start":{"line":15,"column":33},"end":{"line":15,"column":58}},"line":15}},"branchMap":{},"s":{"0":2,"1":12,"2":12,"3":4},"f":{"0":12,"1":4},"b":{},"_coverageSchema":"1a1c01bbd47fc00a2c39e90264f33305004495a9","hash":"f950efd05d902e648c36a5e5d6042cf3cd757418"}
}
