TN:
SF:src\App.jsx
FN:6,(anonymous_0)
FNF:1
FNH:1
FNDA:4,(anonymous_0)
DA:6,1
DA:7,4
LF:2
LH:2
BRF:0
BRH:0
end_of_record
TN:
SF:src\api.js
FN:16,(anonymous_0)
FN:17,(anonymous_1)
FN:26,(anonymous_2)
FNF:3
FNH:3
FNDA:2,(anonymous_0)
FNDA:70,(anonymous_1)
FNDA:8,(anonymous_2)
DA:16,3
DA:17,70
DA:18,2
DA:19,2
DA:26,3
DA:27,8
LF:6
LH:6
BRF:0
BRH:0
end_of_record
TN:
SF:src\mock-data.js
FNF:0
FNH:0
DA:3,3
LF:1
LH:1
BRF:0
BRH:0
end_of_record
TN:
SF:src\components\CitySearch.jsx
FN:5,(anonymous_0)
FN:11,(anonymous_1)
FN:13,(anonymous_2)
FN:20,(anonymous_3)
FN:34,(anonymous_4)
FN:39,(anonymous_5)
FNF:6
FNH:6
FNDA:27,(anonymous_0)
FNDA:12,(anonymous_1)
FNDA:24,(anonymous_2)
FNDA:1,(anonymous_3)
FNDA:3,(anonymous_4)
FNDA:12,(anonymous_5)
DA:5,2
DA:6,27
DA:7,27
DA:8,27
DA:11,27
DA:12,12
DA:13,12
DA:14,24
DA:17,12
DA:18,12
DA:20,27
DA:21,1
DA:22,1
DA:23,1
DA:27,27
DA:34,3
DA:40,12
LF:17
LH:17
BRDA:13,0,0,12
BRDA:13,0,1,0
BRDA:37,1,0,15
BRDA:37,1,1,12
BRF:4
BRH:3
end_of_record
TN:
SF:src\components\Event.jsx
FN:5,(anonymous_0)
FN:8,(anonymous_1)
FNF:2
FNH:2
FNDA:42,(anonymous_0)
FNDA:2,(anonymous_1)
DA:5,3
DA:6,42
DA:8,42
DA:11,42
LF:4
LH:4
BRDA:17,0,0,42
BRDA:17,0,1,1
BRF:2
BRH:2
end_of_record
TN:
SF:src\components\EventList.jsx
FN:5,(anonymous_0)
FN:9,(anonymous_1)
FNF:2
FNH:2
FNDA:7,(anonymous_0)
FNDA:35,(anonymous_1)
DA:5,2
DA:6,7
DA:9,35
LF:3
LH:3
BRDA:8,0,0,1
BRDA:8,0,1,6
BRF:2
BRH:2
end_of_record
TN:
SF:src\components\NumberOfEvents.jsx
FN:6,(anonymous_0)
FN:15,(anonymous_1)
FNF:2
FNH:2
FNDA:12,(anonymous_0)
FNDA:4,(anonymous_1)
DA:6,2
DA:7,12
DA:9,12
DA:15,4
LF:4
LH:4
BRF:0
BRH:0
end_of_record
