TN:
SF:src\App.jsx
FN:14,(anonymous_0)
FN:21,(anonymous_1)
FN:27,(anonymous_2)
FN:31,(anonymous_3)
FNF:4
FNH:4
FNDA:14,(anonymous_0)
FNDA:8,(anonymous_1)
FNDA:8,(anonymous_2)
FNDA:35,(anonymous_3)
DA:14,3
DA:16,14
DA:17,14
DA:18,14
DA:19,14
DA:21,14
DA:22,8
DA:27,14
DA:28,8
DA:29,8
DA:31,35
DA:32,8
DA:33,8
DA:37,14
LF:14
LH:14
BRDA:29,0,0,7
BRDA:29,0,1,1
BRF:2
BRH:2
end_of_record
TN:
SF:src\api.js
FN:16,(anonymous_0)
FN:17,(anonymous_1)
FN:26,(anonymous_2)
FNF:3
FNH:3
FNDA:11,(anonymous_0)
FNDA:385,(anonymous_1)
FNDA:18,(anonymous_2)
DA:16,4
DA:17,385
DA:18,11
DA:19,11
DA:26,4
DA:27,18
LF:6
LH:6
BRF:0
BRH:0
end_of_record
TN:
SF:src\mock-data.js
FNF:0
FNH:0
DA:3,4
LF:1
LH:1
BRF:0
BRH:0
end_of_record
TN:
SF:src\components\CitySearch.jsx
FN:7,(anonymous_0)
FN:7,(anonymous_1)
FN:13,(anonymous_2)
FN:18,(anonymous_3)
FN:20,(anonymous_4)
FN:27,(anonymous_5)
FN:42,(anonymous_6)
FN:47,(anonymous_7)
FNF:8
FNH:8
FNDA:71,(anonymous_0)
FNDA:2,(anonymous_1)
FNDA:20,(anonymous_2)
FNDA:24,(anonymous_3)
FNDA:48,(anonymous_4)
FNDA:3,(anonymous_5)
FNDA:6,(anonymous_6)
FNDA:34,(anonymous_7)
DA:7,3
DA:8,71
DA:9,71
DA:10,71
DA:13,71
DA:14,20
DA:18,71
DA:19,24
DA:20,24
DA:21,48
DA:24,24
DA:25,24
DA:27,71
DA:28,3
DA:29,3
DA:30,3
DA:31,3
DA:35,71
DA:42,6
DA:48,34
LF:20
LH:20
BRDA:7,0,0,29
BRDA:20,1,0,24
BRDA:20,1,1,0
BRDA:45,2,0,30
BRDA:45,2,1,41
BRF:5
BRH:4
end_of_record
TN:
SF:src\components\Event.jsx
FN:5,(anonymous_0)
FN:8,(anonymous_1)
FNF:2
FNH:2
FNDA:251,(anonymous_0)
FNDA:2,(anonymous_1)
DA:5,4
DA:6,251
DA:8,251
DA:11,251
LF:4
LH:4
BRDA:17,0,0,251
BRDA:17,0,1,1
BRF:2
BRH:2
end_of_record
TN:
SF:src\components\EventList.jsx
FN:5,(anonymous_0)
FN:9,(anonymous_1)
FNF:2
FNH:2
FNDA:17,(anonymous_0)
FNDA:244,(anonymous_1)
DA:5,3
DA:6,17
DA:9,244
LF:3
LH:3
BRDA:8,0,0,15
BRDA:8,0,1,2
BRF:2
BRH:2
end_of_record
TN:
SF:src\components\NumberOfEvents.jsx
FN:6,(anonymous_0)
FN:15,(anonymous_1)
FNF:2
FNH:2
FNDA:22,(anonymous_0)
FNDA:4,(anonymous_1)
DA:6,4
DA:7,22
DA:9,22
DA:15,4
LF:4
LH:4
BRF:0
BRH:0
end_of_record
